<?xml version="1.0" encoding="UTF-8"?>
<!-- Generated by org.testng.reporters.JUnitXMLReporter -->
<testsuite hostname="22-PC" ignored="0" name="Default test" tests="6" failures="0" timestamp="03 Jun 2020 13:28:19 GMT" time="34.891" errors="0">
  <testcase name="automationTest1" time="7.488" classname="com.webdemo.VerifyLogin"/>
  <testcase name="automationTest2" time="5.958" classname="com.webdemo.VerifyLogin"/>
  <testcase name="automationTest3" time="5.76" classname="com.webdemo.VerifyLogin"/>
  <testcase name="automationTest4" time="6.056" classname="com.webdemo.VerifyLogin"/>
  <testcase name="automationTest5" time="5.928" classname="com.webdemo.VerifyLogin"/>
  <testcase name="automationTest6" time="3.636" classname="com.webdemo.VerifyLogin"/>
</testsuite> <!-- Default test -->
